Determining if the pthread_create exist failed with the following output:
Change Dir: /home/workspace/SFND_Lidar_Obstacle_Detection/build/CMakeFiles/CMakeTmp

Run Build Command:"/usr/bin/make" "cmTC_79a8f/fast"
/usr/bin/make -f CMakeFiles/cmTC_79a8f.dir/build.make CMakeFiles/cmTC_79a8f.dir/build
make[1]: Entering directory '/workspace/home/SFND_Lidar_Obstacle_Detection/build/CMakeFiles/CMakeTmp'
Building C object CMakeFiles/cmTC_79a8f.dir/CheckSymbolExists.c.o
/usr/bin/cc    -o CMakeFiles/cmTC_79a8f.dir/CheckSymbolExists.c.o   -c /home/workspace/SFND_Lidar_Obstacle_Detection/build/CMakeFiles/CMakeTmp/CheckSymbolExists.c
Linking C executable cmTC_79a8f
/usr/local/bin/cmake -E cmake_link_script CMakeFiles/cmTC_79a8f.dir/link.txt --verbose=1
/usr/bin/cc      -rdynamic CMakeFiles/cmTC_79a8f.dir/CheckSymbolExists.c.o  -o cmTC_79a8f 
CMakeFiles/cmTC_79a8f.dir/CheckSymbolExists.c.o: In function `main':
CheckSymbolExists.c:(.text+0x16): undefined reference to `pthread_create'
collect2: error: ld returned 1 exit status
CMakeFiles/cmTC_79a8f.dir/build.make:86: recipe for target 'cmTC_79a8f' failed
make[1]: *** [cmTC_79a8f] Error 1
make[1]: Leaving directory '/workspace/home/SFND_Lidar_Obstacle_Detection/build/CMakeFiles/CMakeTmp'
Makefile:121: recipe for target 'cmTC_79a8f/fast' failed
make: *** [cmTC_79a8f/fast] Error 2

File /home/workspace/SFND_Lidar_Obstacle_Detection/build/CMakeFiles/CMakeTmp/CheckSymbolExists.c:
/* */
#include <pthread.h>

int main(int argc, char** argv)
{
  (void)argv;
#ifndef pthread_create
  return ((int*)(&pthread_create))[argc];
#else
  (void)argc;
  return 0;
#endif
}

Determining if the function pthread_create exists in the pthreads failed with the following output:
Change Dir: /home/workspace/SFND_Lidar_Obstacle_Detection/build/CMakeFiles/CMakeTmp

Run Build Command:"/usr/bin/make" "cmTC_83755/fast"
/usr/bin/make -f CMakeFiles/cmTC_83755.dir/build.make CMakeFiles/cmTC_83755.dir/build
make[1]: Entering directory '/workspace/home/SFND_Lidar_Obstacle_Detection/build/CMakeFiles/CMakeTmp'
Building C object CMakeFiles/cmTC_83755.dir/CheckFunctionExists.c.o
/usr/bin/cc   -DCHECK_FUNCTION_EXISTS=pthread_create   -o CMakeFiles/cmTC_83755.dir/CheckFunctionExists.c.o   -c /usr/local/share/cmake-3.13/Modules/CheckFunctionExists.c
Linking C executable cmTC_83755
/usr/local/bin/cmake -E cmake_link_script CMakeFiles/cmTC_83755.dir/link.txt --verbose=1
/usr/bin/cc  -DCHECK_FUNCTION_EXISTS=pthread_create    -rdynamic CMakeFiles/cmTC_83755.dir/CheckFunctionExists.c.o  -o cmTC_83755 -lpthreads 
/usr/bin/ld: cannot find -lpthreads
collect2: error: ld returned 1 exit status
CMakeFiles/cmTC_83755.dir/build.make:86: recipe for target 'cmTC_83755' failed
make[1]: *** [cmTC_83755] Error 1
make[1]: Leaving directory '/workspace/home/SFND_Lidar_Obstacle_Detection/build/CMakeFiles/CMakeTmp'
Makefile:121: recipe for target 'cmTC_83755/fast' failed
make: *** [cmTC_83755/fast] Error 2


